<?xml version="1.0" encoding="UTF-8"?>
<!-- Generated by org.testng.reporters.JUnitReportReporter -->
<testsuite hostname="uk-lon01-nb07" name="Android.watsapp" tests="1" failures="0" timestamp="18 Dec 2015 15:31:17 GMT" time="28.234" errors="0">
  <testcase name="testApp" time="28.234" classname="Android.watsapp"/>
</testsuite> <!-- Android.watsapp -->
