<?xml version="1.0" encoding="UTF-8"?>
<!-- Generated by org.testng.reporters.JUnitReportReporter -->
<testsuite hostname="uk-lon01-nb07" name="Android.AppiumProject" tests="1" failures="0" timestamp="21 Dec 2015 16:05:56 GMT" time="79.255" errors="0">
  <testcase name="loginTest" time="79.255" classname="Android.AppiumProject"/>
</testsuite> <!-- Android.AppiumProject -->
