<?xml version="1.0" encoding="UTF-8"?>
<!-- Generated by org.testng.reporters.JUnitReportReporter -->
<testsuite hostname="uk-lon01-nb07" name="test.babylon.BaseClass" tests="1" failures="0" timestamp="21 Dec 2015 17:39:15 GMT" time="58.180" errors="0">
  <testcase name="test" time="58.180" classname="test.babylon.BaseClass"/>
</testsuite> <!-- test.babylon.BaseClass -->
