<?xml version="1.0" encoding="UTF-8"?>
<!-- Generated by org.testng.reporters.JUnitReportReporter -->
<testsuite hostname="uk-lon01-nb07" name="test.babylon.RegisterAndLoginTest" tests="1" failures="0" timestamp="21 Dec 2015 17:02:24 GMT" time="91.618" errors="0">
  <testcase name="registerAndLoginTest" time="91.618" classname="test.babylon.RegisterAndLoginTest"/>
</testsuite> <!-- test.babylon.RegisterAndLoginTest -->
